src/app/api/export/route.ts(9,16): error TS2305: Module '"@/state/useProjectStore"' has no exported member 'Project'.
src/app/api/export/route.ts(10,16): error TS2305: Module '"@/state/useProjectStore"' has no exported member 'Element'.
src/app/builder/[id]/page.tsx(17,11): error TS2305: Module '"@/state/useProjectStore"' has no exported member 'useCanvasStore'.
src/app/builder/[id]/page.tsx(18,11): error TS2305: Module '"@/state/useProjectStore"' has no exported member 'useDesignStore'.
src/app/builder/[id]/page.tsx(24,77): error TS2304: Cannot find name 'useProjectStore'.
src/app/builder/[id]/page.tsx(25,27): error TS2304: Cannot find name 'useProjectStore'.
src/app/builder/[id]/page.tsx(35,33): error TS2304: Cannot find name 'useProjectStore'.
src/app/builder/[id]/preview/page.tsx(7,11): error TS2305: Module '"@/state/useProjectStore"' has no exported member 'useCanvasStore'.
src/app/builder/[id]/preview/page.tsx(18,7): error TS2304: Cannot find name 'useProjectStore'.
src/app/builder/new/page.tsx(14,11): error TS2305: Module '"@/state/useProjectStore"' has no exported member 'useCanvasStore'.
src/app/builder/new/page.tsx(28,25): error TS2304: Cannot find name 'useProjectStore'.
src/app/builder/new/page.tsx(28,42): error TS7006: Parameter 'state' implicitly has an 'any' type.
src/app/builder/new/page.tsx(29,33): error TS2304: Cannot find name 'useProjectStore'.
src/app/builder/new/page.tsx(29,50): error TS7006: Parameter 'state' implicitly has an 'any' type.
src/app/components/canvas/Canvas.tsx(5,11): error TS2305: Module '"@/state/useProjectStore"' has no exported member 'useCanvasStore'.
src/app/components/canvas/Canvas.tsx(6,11): error TS2305: Module '"@/state/useProjectStore"' has no exported member 'useDesignStore'.
src/app/components/canvas/Canvas.tsx(47,30): error TS2304: Cannot find name 'useProjectStore'.
src/app/components/canvas/Canvas.tsx(51,5): error TS2304: Cannot find name 'useProjectStore'.
src/app/components/canvas/Canvas.tsx(76,13): error TS7006: Parameter 'id' implicitly has an 'any' type.
src/app/components/canvas/Canvas.tsx(79,41): error TS7006: Parameter 'r' implicitly has an 'any' type.
src/app/components/canvas/Canvas.tsx(80,40): error TS7006: Parameter 'r' implicitly has an 'any' type.
src/app/components/canvas/Canvas.tsx(81,42): error TS7006: Parameter 'r' implicitly has an 'any' type.
src/app/components/canvas/Canvas.tsx(82,43): error TS7006: Parameter 'r' implicitly has an 'any' type.
src/app/components/canvas/Canvas.tsx(462,26): error TS2304: Cannot find name 'useProjectStore'.
src/app/components/canvas/Canvas.tsx(632,31): error TS7006: Parameter 'id' implicitly has an 'any' type.
src/app/components/canvas/Canvas.tsx(723,26): error TS2304: Cannot find name 'useProjectStore'.
src/app/components/canvas/Canvas.tsx(805,34): error TS7006: Parameter 'childId' implicitly has an 'any' type.
src/app/components/canvas/CanvasElement.tsx(12,11): error TS2305: Module '"@/state/useProjectStore"' has no exported member 'useDesignStore'.
src/app/components/canvas/CanvasElement.tsx(92,19): error TS2304: Cannot find name 'useProjectStore'.
src/app/components/canvas/CanvasElement.tsx(92,36): error TS7006: Parameter 's' implicitly has an 'any' type.
src/app/components/canvas/CanvasElement.tsx(93,28): error TS2304: Cannot find name 'useProjectStore'.
src/app/components/canvas/CanvasElement.tsx(93,45): error TS7006: Parameter 's' implicitly has an 'any' type.
src/app/components/canvas/CanvasElement.tsx(94,25): error TS2304: Cannot find name 'useProjectStore'.
src/app/components/canvas/CanvasElement.tsx(94,42): error TS7006: Parameter 's' implicitly has an 'any' type.
src/app/components/canvas/CanvasElement.tsx(95,29): error TS2304: Cannot find name 'useProjectStore'.
src/app/components/canvas/CanvasElement.tsx(95,46): error TS7006: Parameter 's' implicitly has an 'any' type.
src/app/components/canvas/CanvasElement.tsx(96,26): error TS2304: Cannot find name 'useProjectStore'.
src/app/components/canvas/CanvasElement.tsx(96,43): error TS7006: Parameter 's' implicitly has an 'any' type.
src/app/components/canvas/ComponentWrapper.tsx(4,11): error TS2305: Module '"@/state/useProjectStore"' has no exported member 'useCanvasStore'.
src/app/components/canvas/ComponentWrapper.tsx(7,11): error TS2305: Module '"@/state/useProjectStore"' has no exported member 'useDesignStore'.
src/app/components/canvas/ComponentWrapper.tsx(18,48): error TS2304: Cannot find name 'useProjectStore'.
src/app/components/canvas/ComponentWrapper.tsx(27,24): error TS2304: Cannot find name 'useProjectStore'.
src/app/components/canvas/ContextMenu.tsx(4,11): error TS2305: Module '"@/state/useProjectStore"' has no exported member 'useDesignStore'.
src/app/components/canvas/ContextMenu.tsx(19,47): error TS2304: Cannot find name 'useProjectStore'.
src/app/components/dashboard/DashboardClient.tsx(7,11): error TS2305: Module '"@/state/useProjectStore"' has no exported member 'useCanvasStore'.
src/app/components/dashboard/DashboardClient.tsx(7,32): error TS2305: Module '"@/state/useProjectStore"' has no exported member 'Project'.
src/app/components/dashboard/DashboardClient.tsx(21,69): error TS2304: Cannot find name 'useProjectStore'.
src/app/components/dashboard/DashboardClient.tsx(35,11): error TS18046: 'p' is of type 'unknown'.
src/app/components/dashboard/DashboardClient.tsx(36,13): error TS18046: 'p' is of type 'unknown'.
src/app/components/dashboard/DashboardClient.tsx(37,18): error TS18046: 'p' is of type 'unknown'.
src/app/components/dashboard/DashboardClient.tsx(38,18): error TS18046: 'p' is of type 'unknown'.
src/app/components/dashboard/DashboardClient.tsx(39,43): error TS18046: 'p' is of type 'unknown'.
src/app/components/dashboard/DashboardClient.tsx(39,78): error TS18046: 'p' is of type 'unknown'.
src/app/components/dashboard/DashboardClient.tsx(158,21): error TS2322: Type 'unknown' is not assignable to type 'ReactNode'.
src/app/components/dashboard/ExportModal.tsx(7,16): error TS2305: Module '"@/state/useProjectStore"' has no exported member 'Project'.
src/app/components/editor/ElementTree.tsx(4,11): error TS2305: Module '"@/state/useProjectStore"' has no exported member 'useDesignStore'.
src/app/components/editor/ElementTree.tsx(8,5): error TS2304: Cannot find name 'useProjectStore'.
src/app/components/editor/ElementTree.tsx(77,37): error TS7006: Parameter 'childId' implicitly has an 'any' type.
src/app/components/editor/ElementTree.tsx(87,64): error TS18046: 'el' is of type 'unknown'.
src/app/components/editor/ElementTree.tsx(95,48): error TS18046: 'el' is of type 'unknown'.
src/app/components/layout/BuilderHeader.tsx(24,11): error TS2305: Module '"@/state/useProjectStore"' has no exported member 'useCanvasStore'.
src/app/components/layout/BuilderHeader.tsx(26,11): error TS2305: Module '"@/state/useProjectStore"' has no exported member 'useDesignStore'.
src/app/components/layout/BuilderHeader.tsx(31,16): error TS2304: Cannot find name 'useProjectStore'.
src/app/components/layout/BuilderHeader.tsx(31,33): error TS7006: Parameter 'state' implicitly has an 'any' type.
src/app/components/layout/BuilderHeader.tsx(32,16): error TS2304: Cannot find name 'useProjectStore'.
src/app/components/layout/BuilderHeader.tsx(32,33): error TS7006: Parameter 'state' implicitly has an 'any' type.
src/app/components/layout/BuilderHeader.tsx(33,23): error TS2304: Cannot find name 'useProjectStore'.
src/app/components/layout/BuilderHeader.tsx(33,40): error TS7006: Parameter 'state' implicitly has an 'any' type.
src/app/components/layout/BuilderHeader.tsx(34,26): error TS2304: Cannot find name 'useProjectStore'.
src/app/components/layout/BuilderHeader.tsx(34,43): error TS7006: Parameter 'state' implicitly has an 'any' type.
src/app/components/layout/BuilderHeader.tsx(35,31): error TS2304: Cannot find name 'useProjectStore'.
src/app/components/layout/BuilderHeader.tsx(35,48): error TS7006: Parameter 'state' implicitly has an 'any' type.
src/app/components/layout/RightPanel.tsx(8,11): error TS2305: Module '"@/state/useProjectStore"' has no exported member 'useDesignStore'.
src/app/components/layout/RightPanel.tsx(26,28): error TS2304: Cannot find name 'useProjectStore'.
src/app/components/layout/RightPanel.tsx(26,45): error TS7006: Parameter 'state' implicitly has an 'any' type.
src/app/components/panels/AIPromptPanel.tsx(19,11): error TS2305: Module '"@/state/useProjectStore"' has no exported member 'useCanvasStore'.
src/app/components/panels/AIPromptPanel.tsx(40,26): error TS2304: Cannot find name 'useProjectStore'.
src/app/components/panels/AIPromptPanel.tsx(40,43): error TS7006: Parameter 'state' implicitly has an 'any' type.
src/app/components/panels/AIPromptPanel.tsx(41,33): error TS2304: Cannot find name 'useProjectStore'.
src/app/components/panels/AIPromptPanel.tsx(41,50): error TS7006: Parameter 'state' implicitly has an 'any' type.
src/app/components/panels/AIPromptPanel.tsx(147,23): error TS2304: Cannot find name 'useProjectStore'.
src/app/components/panels/CollaborationPanel.tsx(4,11): error TS2305: Module '"@/state/useProjectStore"' has no exported member 'useCanvasStore'.
src/app/components/panels/CollaborationPanel.tsx(7,32): error TS2304: Cannot find name 'useProjectStore'.
src/app/components/panels/ComponentLibrary.tsx(4,11): error TS2305: Module '"@/state/useProjectStore"' has no exported member 'useCanvasStore'.
src/app/components/panels/ComponentLibrary.tsx(61,28): error TS2304: Cannot find name 'useProjectStore'.
src/app/components/panels/ElementInspector.tsx(4,11): error TS2305: Module '"@/state/useProjectStore"' has no exported member 'useDesignStore'.
src/app/components/panels/ElementInspector.tsx(5,11): error TS2305: Module '"@/state/useProjectStore"' has no exported member 'useCanvasStore'.
src/app/components/panels/ElementInspector.tsx(9,28): error TS2304: Cannot find name 'useProjectStore'.
src/app/components/panels/ElementInspector.tsx(9,45): error TS7006: Parameter 'state' implicitly has an 'any' type.
src/app/components/panels/ElementInspector.tsx(10,20): error TS2304: Cannot find name 'useProjectStore'.
src/app/components/panels/ElementInspector.tsx(10,37): error TS7006: Parameter 'state' implicitly has an 'any' type.
src/app/components/panels/ElementInspector.tsx(11,23): error TS2304: Cannot find name 'useProjectStore'.
src/app/components/panels/ElementInspector.tsx(11,40): error TS7006: Parameter 'state' implicitly has an 'any' type.
src/app/components/panels/ElementInspector.tsx(12,29): error TS2304: Cannot find name 'useProjectStore'.
src/app/components/panels/ElementInspector.tsx(12,46): error TS7006: Parameter 'state' implicitly has an 'any' type.
src/app/components/panels/ElementInspector.tsx(13,47): error TS2304: Cannot find name 'useProjectStore'.
src/app/components/panels/ElementInspector.tsx(66,32): error TS7006: Parameter 'id' implicitly has an 'any' type.
src/app/components/panels/HistoryPanel.tsx(5,11): error TS2305: Module '"@/state/useProjectStore"' has no exported member 'useCanvasStore'.
src/app/components/panels/HistoryPanel.tsx(6,11): error TS2305: Module '"@/state/useProjectStore"' has no exported member 'useDesignStore'.
src/app/components/panels/HistoryPanel.tsx(8,23): error TS2304: Cannot find name 'useProjectStore'.
src/app/components/panels/HistoryPanel.tsx(84,28): error TS2304: Cannot find name 'useProjectStore'.
src/app/components/panels/InteractionsPanel.tsx(12,11): error TS2305: Module '"@/state/useProjectStore"' has no exported member 'useDesignStore'.
src/app/components/panels/InteractionsPanel.tsx(193,28): error TS2304: Cannot find name 'useProjectStore'.
src/app/components/panels/InteractionsPanel.tsx(193,45): error TS7006: Parameter 'state' implicitly has an 'any' type.
src/app/components/panels/InteractionsPanel.tsx(194,20): error TS2304: Cannot find name 'useProjectStore'.
src/app/components/panels/InteractionsPanel.tsx(194,37): error TS7006: Parameter 'state' implicitly has an 'any' type.
src/app/components/panels/InteractionsPanel.tsx(195,29): error TS2304: Cannot find name 'useProjectStore'.
src/app/components/panels/InteractionsPanel.tsx(195,46): error TS7006: Parameter 'state' implicitly has an 'any' type.
src/app/components/panels/LayersPanel.tsx(4,11): error TS2305: Module '"@/state/useProjectStore"' has no exported member 'useCanvasStore'.
src/app/components/panels/LayersPanel.tsx(5,11): error TS2305: Module '"@/state/useProjectStore"' has no exported member 'useDesignStore'.
src/app/components/panels/LayersPanel.tsx(27,7): error TS2304: Cannot find name 'useProjectStore'.
src/app/components/panels/LayersPanel.tsx(29,60): error TS2304: Cannot find name 'useProjectStore'.
src/app/components/panels/MultiSelectToolbar.tsx(4,11): error TS2305: Module '"@/state/useProjectStore"' has no exported member 'useDesignStore'.
src/app/components/panels/MultiSelectToolbar.tsx(14,28): error TS2304: Cannot find name 'useProjectStore'.
src/app/components/panels/MultiSelectToolbar.tsx(14,45): error TS7006: Parameter 's' implicitly has an 'any' type.
src/app/components/panels/MultiSelectToolbar.tsx(15,25): error TS2304: Cannot find name 'useProjectStore'.
src/app/components/panels/MultiSelectToolbar.tsx(15,42): error TS7006: Parameter 's' implicitly has an 'any' type.
src/app/components/panels/MultiSelectToolbar.tsx(16,25): error TS2304: Cannot find name 'useProjectStore'.
src/app/components/panels/MultiSelectToolbar.tsx(16,42): error TS7006: Parameter 's' implicitly has an 'any' type.
src/app/components/panels/MultiSelectToolbar.tsx(59,33): error TS7006: Parameter 'id' implicitly has an 'any' type.
src/app/components/panels/PropertyPanel.tsx(4,11): error TS2305: Module '"@/state/useProjectStore"' has no exported member 'useCanvasStore'.
src/app/components/panels/PropertyPanel.tsx(5,11): error TS2305: Module '"@/state/useProjectStore"' has no exported member 'useDesignStore'.
src/app/components/panels/PropertyPanel.tsx(8,26): error TS2304: Cannot find name 'useProjectStore'.
src/app/components/panels/PropertyPanel.tsx(8,43): error TS7006: Parameter 'state' implicitly has an 'any' type.
src/app/components/panels/PropertyPanel.tsx(9,27): error TS2304: Cannot find name 'useProjectStore'.
src/app/components/panels/PropertyPanel.tsx(9,44): error TS7006: Parameter 'state' implicitly has an 'any' type.
src/app/components/panels/PropertyPanel.tsx(10,28): error TS2304: Cannot find name 'useProjectStore'.
src/app/components/panels/PropertyPanel.tsx(10,45): error TS7006: Parameter 'state' implicitly has an 'any' type.
src/app/components/panels/SettingsPanel.tsx(4,11): error TS2305: Module '"@/state/useProjectStore"' has no exported member 'useDesignStore'.
src/app/components/panels/SettingsPanel.tsx(8,42): error TS2304: Cannot find name 'useProjectStore'.
src/app/components/panels/StylePanel.tsx(18,11): error TS2305: Module '"@/state/useProjectStore"' has no exported member 'useDesignStore'.
src/app/components/panels/StylePanel.tsx(18,32): error TS2305: Module '"@/state/useProjectStore"' has no exported member 'ResponsiveCss'.
src/app/components/panels/StylePanel.tsx(19,11): error TS2305: Module '"@/state/useProjectStore"' has no exported member 'useCanvasStore'.
src/app/components/panels/StylePanel.tsx(78,28): error TS2304: Cannot find name 'useProjectStore'.
src/app/components/panels/StylePanel.tsx(78,45): error TS7006: Parameter 'state' implicitly has an 'any' type.
src/app/components/panels/StylePanel.tsx(79,20): error TS2304: Cannot find name 'useProjectStore'.
src/app/components/panels/StylePanel.tsx(79,37): error TS7006: Parameter 'state' implicitly has an 'any' type.
src/app/components/panels/StylePanel.tsx(80,29): error TS2304: Cannot find name 'useProjectStore'.
src/app/components/panels/StylePanel.tsx(80,46): error TS7006: Parameter 'state' implicitly has an 'any' type.
src/app/components/panels/StylePanel.tsx(81,30): error TS2304: Cannot find name 'useProjectStore'.
src/app/share/[id]/page.tsx(7,16): error TS2305: Module '"@/state/useProjectStore"' has no exported member 'Project'.
src/components/project/ProjectSurface.tsx(4,16): error TS2305: Module '"@/state/useProjectStore"' has no exported member 'Project'.
src/components/project/ProjectSurface.tsx(5,16): error TS2305: Module '"@/state/useProjectStore"' has no exported member 'Element'.
src/hooks/useSyncStores.ts(4,11): error TS2305: Module '"@/state/useProjectStore"' has no exported member 'useCanvasStore'.
src/hooks/useSyncStores.ts(5,11): error TS2305: Module '"@/state/useProjectStore"' has no exported member 'useDesignStore'.
src/hooks/useSyncStores.ts(19,26): error TS2304: Cannot find name 'useProjectStore'.
src/hooks/useSyncStores.ts(19,43): error TS7006: Parameter 'state' implicitly has an 'any' type.
src/hooks/useSyncStores.ts(20,27): error TS2304: Cannot find name 'useProjectStore'.
src/hooks/useSyncStores.ts(20,44): error TS7006: Parameter 'state' implicitly has an 'any' type.
src/hooks/useSyncStores.ts(21,20): error TS2304: Cannot find name 'useProjectStore'.
src/hooks/useSyncStores.ts(21,37): error TS7006: Parameter 'state' implicitly has an 'any' type.
src/hooks/useSyncStores.ts(22,44): error TS2304: Cannot find name 'useProjectStore'.
src/hooks/useSyncStores.ts(23,6): error TS7006: Parameter 'state' implicitly has an 'any' type.
src/state/__tests__/store.test.ts(2,11): error TS2305: Module '"@/state/useProjectStore"' has no exported member 'useCanvasStore'.
src/state/__tests__/store.test.ts(3,11): error TS2305: Module '"@/state/useProjectStore"' has no exported member 'useDesignStore'.
src/state/__tests__/store.test.ts(23,5): error TS2304: Cannot find name 'useProjectStore'.
src/state/__tests__/store.test.ts(51,5): error TS2304: Cannot find name 'useProjectStore'.
src/state/__tests__/store.test.ts(64,50): error TS2304: Cannot find name 'useProjectStore'.
src/state/__tests__/store.test.ts(67,5): error TS2304: Cannot find name 'useProjectStore'.
src/state/__tests__/store.test.ts(81,19): error TS2304: Cannot find name 'useProjectStore'.
src/state/__tests__/store.test.ts(87,56): error TS2304: Cannot find name 'useProjectStore'.
src/state/__tests__/store.test.ts(90,5): error TS2304: Cannot find name 'useProjectStore'.
src/state/__tests__/store.test.ts(104,12): error TS2304: Cannot find name 'useProjectStore'.
src/state/__tests__/store.test.ts(109,19): error TS2304: Cannot find name 'useProjectStore'.
src/state/__tests__/store.test.ts(112,12): error TS2304: Cannot find name 'useProjectStore'.
src/state/useCanvasStore.ts(7,11): error TS2305: Module '"@/state/useProjectStore"' has no exported member 'useDesignStore'.
src/state/useCanvasStore.ts(7,32): error TS2305: Module '"@/state/useProjectStore"' has no exported member 'Element'.
src/state/useCanvasStore.ts(220,15): error TS2304: Cannot find name 'useProjectStore'.
src/state/useCanvasStore.ts(263,15): error TS2304: Cannot find name 'useProjectStore'.
src/state/useCanvasStore.ts(411,31): error TS2304: Cannot find name 'useProjectStore'.
src/state/useCanvasStore.ts(474,13): error TS2304: Cannot find name 'useProjectStore'.
src/state/useCanvasStore.ts(683,15): error TS2304: Cannot find name 'useProjectStore'.
src/state/useCanvasStore.ts(708,15): error TS2304: Cannot find name 'useProjectStore'.
src/state/useDesignStore.ts(4,11): error TS2305: Module '"@/state/useProjectStore"' has no exported member 'useCanvasStore'.
src/state/useDesignStore.ts(265,23): error TS2304: Cannot find name 'useProjectStore'.
src/state/useDesignStore.ts(273,23): error TS2304: Cannot find name 'useProjectStore'.
src/state/useDesignStore.ts(280,1): error TS2304: Cannot find name 'useProjectStore'.
src/state/useDesignStore.ts(280,28): error TS7006: Parameter 'state' implicitly has an 'any' type.
src/state/useDesignStore.ts(280,35): error TS7006: Parameter 'prevState' implicitly has an 'any' type.
src/utils/exporter.ts(1,16): error TS2305: Module '"@/state/useProjectStore"' has no exported member 'Project'.
src/utils/exporter.ts(2,16): error TS2305: Module '"@/state/useProjectStore"' has no exported member 'Element'.
src/utils/exporter.ts(46,11): error TS7006: Parameter 'cid' implicitly has an 'any' type.
src/utils/exportGenerators.ts(1,16): error TS2305: Module '"@/state/useProjectStore"' has no exported member 'Project'.
src/utils/exportGenerators.ts(2,16): error TS2305: Module '"@/state/useProjectStore"' has no exported member 'Element'.
src/utils/projectHydration.ts(1,16): error TS2305: Module '"@/state/useProjectStore"' has no exported member 'CanvasComponent'.
src/utils/projectHydration.ts(2,16): error TS2305: Module '"@/state/useProjectStore"' has no exported member 'Element'.
src/utils/projectModel.ts(3,16): error TS2305: Module '"@/state/useProjectStore"' has no exported member 'Project'.
src/utils/projectModel.ts(3,25): error TS2305: Module '"@/state/useProjectStore"' has no exported member 'CanvasComponent'.
src/utils/projectModel.ts(4,16): error TS2459: Module '"@/state/useProjectStore"' declares 'Breakpoint' locally, but it is not exported.
src/utils/projectModel.ts(4,28): error TS2305: Module '"@/state/useProjectStore"' has no exported member 'Element'.
src/utils/projectModel.ts(4,37): error TS2305: Module '"@/state/useProjectStore"' has no exported member 'ResponsiveCss'.
src/utils/projectModel.ts(41,5): error TS18046: 'component' is of type 'unknown'.
src/utils/projectModel.ts(41,33): error TS7006: Parameter 'childId' implicitly has an 'any' type.
src/utils/projectModel.ts(45,42): error TS18046: 'component' is of type 'unknown'.
src/utils/projectModel.ts(46,25): error TS18046: 'component' is of type 'unknown'.
src/utils/projectModel.ts(54,13): error TS18046: 'component' is of type 'unknown'.
src/utils/projectModel.ts(55,14): error TS18046: 'component' is of type 'unknown'.
src/utils/projectModel.ts(56,31): error TS18046: 'component' is of type 'unknown'.
src/utils/projectModel.ts(56,53): error TS18046: 'component' is of type 'unknown'.
src/utils/projectModel.ts(136,12): error TS18046: 'component' is of type 'unknown'.
src/utils/projectModel.ts(137,16): error TS18046: 'component' is of type 'unknown'.
src/utils/projectModel.ts(138,40): error TS18046: 'component' is of type 'unknown'.
src/utils/projectModel.ts(140,17): error TS18046: 'component' is of type 'unknown'.
src/utils/projectModel.ts(141,43): error TS18046: 'component' is of type 'unknown'.
src/utils/projectModel.ts(142,15): error TS18046: 'component' is of type 'unknown'.
src/utils/projectModel.ts(143,10): error TS18046: 'component' is of type 'unknown'.
src/utils/projectModel.ts(144,10): error TS18046: 'component' is of type 'unknown'.
src/utils/projectRenderer.tsx(3,16): error TS2305: Module '"@/state/useProjectStore"' has no exported member 'Project'.
src/utils/projectRenderer.tsx(4,16): error TS2459: Module '"@/state/useProjectStore"' declares 'Breakpoint' locally, but it is not exported.
src/utils/projectRenderer.tsx(4,28): error TS2305: Module '"@/state/useProjectStore"' has no exported member 'Element'.
src/utils/projectRenderer.tsx(80,56): error TS7006: Parameter 'childId' implicitly has an 'any' type.
src/utils/projectRenderer.tsx(92,11): error TS7006: Parameter 'childId' implicitly has an 'any' type.
src/utils/projectRenderer.tsx(105,11): error TS7006: Parameter 'childId' implicitly has an 'any' type.
